{
  "RSpec": {
    "coverage": {
      "/Users/alexmccarroll/TechTests/Deloitte/raindrops-tech-test/spec/calculator_spec.rb": [
        1,
        null,
        1,
        8,
        null,
        5,
        2,
        2,
        2,
        null,
        1,
        1,
        1,
        1,
        null,
        null,
        null,
        1,
        1,
        1,
        1,
        1,
        null,
        1,
        1,
        1,
        1,
        null,
        null,
        null,
        1,
        1,
        1,
        1,
        1,
        null,
        1,
        1,
        1,
        1,
        null,
        null,
        null,
        1,
        1,
        1,
        1,
        1,
        null,
        1,
        1,
        1,
        1,
        null,
        null,
        null
      ],
      "/Users/alexmccarroll/TechTests/Deloitte/raindrops-tech-test/lib/calculator.rb": [
        1,
        null,
        1,
        null,
        1,
        null,
        1,
        9,
        9,
        9,
        null,
        null,
        1,
        9,
        9,
        95,
        null,
        null,
        null,
        1,
        8,
        8,
        8,
        8,
        null,
        null,
        1,
        8,
        null,
        null,
        1,
        null
      ],
      "/Users/alexmccarroll/TechTests/Deloitte/raindrops-tech-test/lib/input.rb": [
        1,
        null,
        1,
        null,
        1,
        12,
        null,
        null,
        1,
        3,
        null,
        null
      ],
      "/Users/alexmccarroll/TechTests/Deloitte/raindrops-tech-test/spec/input_spec.rb": [
        1,
        null,
        1,
        2,
        null,
        1,
        1,
        1,
        1,
        null,
        null,
        null
      ],
      "/Users/alexmccarroll/TechTests/Deloitte/raindrops-tech-test/spec/printer_spec.rb": [
        1,
        null,
        1,
        3,
        null,
        1,
        null,
        1,
        1,
        2,
        null,
        1,
        2,
        null,
        null,
        null
      ],
      "/Users/alexmccarroll/TechTests/Deloitte/raindrops-tech-test/lib/printer.rb": [
        1,
        1,
        null,
        1,
        null,
        1,
        2,
        2,
        null,
        null,
        1,
        5,
        null,
        null,
        1,
        2,
        2,
        2,
        2,
        null,
        null
      ]
    },
    "timestamp": 1526508380
  }
}
