{
  "RSpec": {
    "coverage": {
      "/Users/alexmccarroll/TechTests/Deloitte/raindrops-tech-test/spec/calculator_spec.rb": [
        1,
        null,
        1,
        7,
        null,
        1,
        1,
        1,
        1,
        null,
        1,
        1,
        1,
        null,
        null,
        null,
        1,
        1,
        1,
        1,
        null,
        1,
        1,
        1,
        null,
        null,
        null,
        1,
        1,
        1,
        1,
        null,
        1,
        1,
        1,
        null,
        null,
        null
      ],
      "/Users/alexmccarroll/TechTests/Deloitte/raindrops-tech-test/lib/calculator.rb": [
        1,
        null,
        1,
        null,
        1,
        8,
        null,
        null,
        1,
        8,
        8,
        8,
        8,
        null,
        null,
        1,
        10,
        null,
        null,
        null
      ],
      "/Users/alexmccarroll/TechTests/Deloitte/raindrops-tech-test/lib/printer.rb": [
        1,
        null,
        1,
        null,
        1,
        2,
        null,
        null,
        1,
        5,
        null,
        null,
        1,
        2,
        null,
        null,
        1,
        2,
        2,
        2,
        null,
        null
      ],
      "/Users/alexmccarroll/TechTests/Deloitte/raindrops-tech-test/spec/printer_spec.rb": [
        1,
        null,
        1,
        3,
        null,
        1,
        1,
        2,
        null,
        1,
        2,
        null,
        null,
        null,
        null
      ]
    },
    "timestamp": 1526564419
  }
}
